<?xml version="1.0" encoding="UTF-8"?>
<testng-results skipped="0" failed="0" ignored="0" total="0" passed="0">
  <reporter-output>
  </reporter-output>
  <suite name="Suite" duration-ms="21685" started-at="2017-09-01T13:12:57Z" finished-at="2017-09-01T13:13:19Z">
    <groups>
    </groups>
    <test name="ChromeTest" duration-ms="21685" started-at="2017-09-01T13:12:57Z" finished-at="2017-09-01T13:13:19Z">
      <class name="com.example.tests.SeleniumJunitTest">
        <test-method status="PASS" signature="setup(java.lang.String)[pri:0, instance:com.example.tests.SeleniumJunitTest@35ef1869]" name="setup" is-config="true" duration-ms="21542" started-at="2017-09-01T14:12:57Z" finished-at="2017-09-01T14:13:18Z">
          <params>
            <param index="0">
              <value>
                <![CDATA[chrome]]>
              </value>
            </param>
          </params>
          <reporter-output>
          </reporter-output>
        </test-method> <!-- setup -->
        <test-method status="PASS" signature="shutDown()[pri:0, instance:com.example.tests.SeleniumJunitTest@35ef1869]" name="shutDown" is-config="true" duration-ms="134" started-at="2017-09-01T14:13:18Z" finished-at="2017-09-01T14:13:19Z">
          <reporter-output>
          </reporter-output>
        </test-method> <!-- shutDown -->
      </class> <!-- com.example.tests.SeleniumJunitTest -->
    </test> <!-- ChromeTest -->
  </suite> <!-- Suite -->
</testng-results>
